Cannot register unknown string STR_STATE_HEALSOLDIER
Cannot register unknown string STR_STATE_FIRST_AID
Cannot register unknown string STR_UI_RADARRANGE
Cannot register unknown string STR_ACTION_LAUNCHCM
Cannot register unknown string STR_ACTION_NEXTCM
Cannot register unknown string STR_USRACT_ACTION_CONTEXT
Cannot register unknown string STR_USRACT_OPTICS_MODE
Cannot register unknown string STR_USRACT_ZEROING_UP
Cannot register unknown string STR_USRACT_ZEROING_DOWN
Cannot register unknown string STR_USRACT_NETWORK_DS_INTERFACE
Cannot register unknown string STR_USRACT_BULD_TERRAIN_RAISE_10CM
Cannot register unknown string STR_USRACT_BULD_TERRAIN_LOWER_10CM
Cannot register unknown string STR_USRACT_BULD_TERRAIN_RAISE_50CM
Cannot register unknown string STR_USRACT_BULD_TERRAIN_LOWER_50CM
Cannot register unknown string STR_INPUT_DEVICE_FREETRACK_0
Cannot register unknown string STR_INPUT_DEVICE_FREETRACK_1
Cannot register unknown string STR_INPUT_DEVICE_FREETRACK_2
Cannot register unknown string STR_INPUT_DEVICE_FREETRACK_3
Cannot register unknown string STR_INPUT_DEVICE_FREETRACK_4
Cannot register unknown string STR_INPUT_DEVICE_FREETRACK_5
Cannot register unknown string STR_INPUT_DEVICE_FREETRACK_6
Cannot register unknown string STR_INPUT_DEVICE_FREETRACK_7
Cannot register unknown string STR_INPUT_DEVICE_FREETRACK_8
Cannot register unknown string STR_INPUT_DEVICE_FREETRACK_9
Cannot register unknown string STR_INPUT_DEVICE_FREETRACK_10
Cannot register unknown string STR_INPUT_DEVICE_FREETRACK_11
Cannot register unknown string STR_DISP_LEFT
Cannot register unknown string STR_DIFF_CAMERA_SHAKE
Cannot register unknown string STR_FREETRACK
Cannot register unknown string STR_ADDON_ACTIONS_INSTALL_CORE
Cannot register unknown string STR_ADDON_ACTIONS_INSTALL_MOD
Cannot register unknown string STR_ADDON_ACTIONS_PLAY_MISSION
Cannot register unknown string STR_ADDON_ACTIONS_TRY_ENTITY
Cannot register unknown string STR_ADDON_ACTIONS_TRY_WEAPON
Cannot register unknown string STR_MSG_ADDON_NOT_FOUND
Cannot register unknown string STR_MSG_ADDON_CANNOT_OPEN
Cannot register unknown string STR_MSG_ADDON_UNKNOWN_PRODUCT
Cannot register unknown string STR_INCOMPATIBLE_LOAD_GAME_ATTEMPT
Warning: CfgVehicles missing in PreloadConfig - may slow down vehicle creation
Warning: CfgAmmo missing in PreloadConfig - may slow down vehicle creation
Warning: CfgNonAIVehicles missing in PreloadConfig - may slow down vehicle creation
Cannot load font core\data\fonts\lucidaconsoleb8
Fonts file \core\data\fonts\lucidaConsoleB8 not found
Cannot load font core\data\fonts\lucidaconsoleb11
Fonts file \core\data\fonts\lucidaConsoleB11 not found
Creating texture headers file...
Texture headers file was not created - no textures found.
